[debug] [2025-03-17T23:17:38.380Z] [Firebase Plugin] Activating Firebase extension.
[info] [Firebase Plugin] Checked firebase-tools, is up to date!
[debug] [2025-03-17T23:17:40.179Z] [Firebase Plugin] VSCode notification server listening on port 40001
[debug] [2025-03-19T00:38:19.383Z] [Firebase Plugin] Activating Firebase extension.
[info] [Firebase Plugin] Checked firebase-tools, is up to date!
[debug] [2025-03-19T00:38:21.913Z] [Firebase Plugin] VSCode notification server listening on port 40001
[debug] [2025-03-19T00:52:42.575Z] [Firebase Plugin] Activating Firebase extension.
[info] [Firebase Plugin] Checked firebase-tools, is up to date!
[debug] [2025-03-19T00:52:44.430Z] [Firebase Plugin] VSCode notification server listening on port 40001
[debug] [2025-03-19T01:00:15.949Z] [Firebase Plugin] Activating Firebase extension.
[info] [Firebase Plugin] Checked firebase-tools, is up to date!
[debug] [2025-03-19T01:00:18.066Z] [Firebase Plugin] VSCode notification server listening on port 40001
[debug] [2025-03-19T01:35:16.480Z] [Firebase Plugin] Activating Firebase extension.
[info] [Firebase Plugin] Checked firebase-tools, is up to date!
[debug] [2025-03-19T01:35:18.554Z] [Firebase Plugin] VSCode notification server listening on port 40001
[debug] [2025-03-19T01:45:55.979Z] [Firebase Plugin] Activating Firebase extension.
[info] [Firebase Plugin] Checked firebase-tools, is up to date!
[debug] [2025-03-19T01:45:58.138Z] [Firebase Plugin] VSCode notification server listening on port 40001
[debug] [2025-03-19T01:56:50.054Z] [Firebase Plugin] Activating Firebase extension.
[info] [Firebase Plugin] Checked firebase-tools, is up to date!
[debug] [2025-03-19T01:56:51.932Z] [Firebase Plugin] VSCode notification server listening on port 40001
[debug] [2025-03-19T03:00:37.667Z] [Firebase Plugin] Activating Firebase extension.
[info] [Firebase Plugin] Checked firebase-tools, is up to date!
[debug] [2025-03-19T03:00:39.788Z] [Firebase Plugin] VSCode notification server listening on port 40001
[debug] [2025-03-19T11:51:28.073Z] [Firebase Plugin] Activating Firebase extension.
[info] [Firebase Plugin] Checked firebase-tools, is up to date!
[debug] [2025-03-19T11:51:30.588Z] [Firebase Plugin] VSCode notification server listening on port 40001
[debug] [2025-03-19T12:06:57.604Z] [Firebase Plugin] Activating Firebase extension.
[info] [Firebase Plugin] Checked firebase-tools, is up to date!
[debug] [2025-03-19T12:07:00.577Z] [Firebase Plugin] VSCode notification server listening on port 40001
[debug] [2025-03-20T02:44:45.346Z] [Firebase Plugin] Activating Firebase extension.
[info] [Firebase Plugin] Checked firebase-tools, is up to date!
[debug] [2025-03-20T02:44:47.826Z] [Firebase Plugin] VSCode notification server listening on port 40001
[debug] [2025-03-20T20:37:48.312Z] [Firebase Plugin] Activating Firebase extension.
[info] [Firebase Plugin] Checked firebase-tools, is up to date!
[info] [Firebase Plugin] Stopping Data Connect toolkit
[debug] [2025-03-21T12:22:32.144Z] [Firebase Plugin] Activating Firebase extension.
[debug] [2025-03-21T12:22:34.849Z] [Firebase Plugin] VSCode notification server listening on port 40001
[debug] [2025-03-22T03:02:25.269Z] [Firebase Plugin] Activating Firebase extension.
[debug] [2025-03-22T03:02:28.176Z] [Firebase Plugin] VSCode notification server listening on port 40001
[debug] [2025-03-22T03:12:01.077Z] [Firebase Plugin] Activating Firebase extension.
[debug] [2025-03-22T03:12:04.496Z] [Firebase Plugin] VSCode notification server listening on port 40001
[debug] [2025-03-22T04:09:33.807Z] [Firebase Plugin] Activating Firebase extension.
[debug] [2025-03-22T04:09:36.803Z] [Firebase Plugin] VSCode notification server listening on port 40001
[debug] [2025-03-22T04:18:11.491Z] [Firebase Plugin] Activating Firebase extension.
[debug] [2025-03-22T04:18:14.429Z] [Firebase Plugin] VSCode notification server listening on port 40001
[info] [Firebase Plugin] Stopping Data Connect toolkit
[debug] [2025-03-22T04:53:06.946Z] [Firebase Plugin] Activating Firebase extension.
[debug] [2025-03-22T04:53:10.151Z] [Firebase Plugin] VSCode notification server listening on port 40001
[debug] [2025-03-22T17:53:06.965Z] [Firebase Plugin] Activating Firebase extension.
[debug] [2025-03-22T17:53:09.903Z] [Firebase Plugin] VSCode notification server listening on port 40001
[info] [Firebase Plugin] Stopping Data Connect toolkit
[debug] [2025-03-23T14:41:46.249Z] [Firebase Plugin] Activating Firebase extension.
[debug] [2025-03-23T14:41:50.472Z] [Firebase Plugin] VSCode notification server listening on port 40001
[info] [Firebase Plugin] Stopping Data Connect toolkit
[debug] [2025-03-24T15:22:55.001Z] [Firebase Plugin] Activating Firebase extension.
[debug] [2025-03-24T15:22:58.071Z] [Firebase Plugin] VSCode notification server listening on port 40001
[info] [Firebase Plugin] Stopping Data Connect toolkit
[debug] [2025-03-24T15:28:28.759Z] [Firebase Plugin] Activating Firebase extension.
[debug] [2025-03-24T15:28:32.498Z] [Firebase Plugin] VSCode notification server listening on port 40001
[info] [Firebase Plugin] Stopping Data Connect toolkit
[debug] [2025-03-26T18:31:56.639Z] [Firebase Plugin] Activating Firebase extension.
[info] [Firebase Plugin] Stopping Data Connect toolkit
[debug] [2025-03-26T21:41:42.287Z] [Firebase Plugin] Activating Firebase extension.
[debug] [2025-03-26T21:41:49.325Z] [Firebase Plugin] VSCode notification server listening on port 40001
[debug] [2025-03-26T21:59:24.991Z] [Firebase Plugin] Value of process.env.MONOSPACE_ENV: undefined
[debug] [2025-03-26T21:59:24.993Z] [Firebase Plugin] requireAuthWrapper
[debug] [2025-03-26T21:59:24.994Z] > command requires scopes: ["email","openid","https://www.googleapis.com/auth/cloudplatformprojects.readonly","https://www.googleapis.com/auth/firebase","https://www.googleapis.com/auth/cloud-platform"]
[debug] [2025-03-26T21:59:24.994Z] > authorizing via signed-in user (julian.talou33@gmail.com)
[debug] [2025-03-26T21:59:24.995Z] Checked if tokens are valid: false, expires at: 1742317214693
[debug] [2025-03-26T21:59:24.995Z] Checked if tokens are valid: false, expires at: 1742317214693
[debug] [2025-03-26T21:59:24.995Z] > refreshing access token with scopes: []
[debug] [2025-03-26T21:59:24.996Z] >>> [apiv2][query] POST https://www.googleapis.com/oauth2/v3/token [none]
[debug] [2025-03-26T21:59:24.996Z] >>> [apiv2][body] POST https://www.googleapis.com/oauth2/v3/token [omitted]
[debug] [2025-03-26T21:59:24.998Z] [Firebase Plugin] Value of process.env.MONOSPACE_ENV: undefined
[debug] [2025-03-26T21:59:24.998Z] [Firebase Plugin] requireAuthWrapper
[debug] [2025-03-26T21:59:24.998Z] > command requires scopes: ["email","openid","https://www.googleapis.com/auth/cloudplatformprojects.readonly","https://www.googleapis.com/auth/firebase","https://www.googleapis.com/auth/cloud-platform"]
[debug] [2025-03-26T21:59:24.998Z] > authorizing via signed-in user (julian.talou33@gmail.com)
[debug] [2025-03-26T21:59:24.998Z] Checked if tokens are valid: false, expires at: 1742317214693
[debug] [2025-03-26T21:59:24.998Z] Checked if tokens are valid: false, expires at: 1742317214693
[debug] [2025-03-26T21:59:24.998Z] > refreshing access token with scopes: []
[debug] [2025-03-26T21:59:24.998Z] >>> [apiv2][query] POST https://www.googleapis.com/oauth2/v3/token [none]
[debug] [2025-03-26T21:59:24.998Z] >>> [apiv2][body] POST https://www.googleapis.com/oauth2/v3/token [omitted]
[debug] [2025-03-26T21:59:25.356Z] <<< [apiv2][status] POST https://www.googleapis.com/oauth2/v3/token 200
[debug] [2025-03-26T21:59:25.356Z] <<< [apiv2][body] POST https://www.googleapis.com/oauth2/v3/token [omitted]
[debug] [2025-03-26T21:59:25.369Z] [Firebase Plugin] User found:  julian.talou33@gmail.com
[info] [Firebase Plugin] (Core:Project) New user detected, fetching projects
[debug] [2025-03-26T21:59:25.370Z] Checked if tokens are valid: true, expires at: 1743029964356
[debug] [2025-03-26T21:59:25.370Z] >>> [apiv2][query] GET https://firebase.googleapis.com/v1beta1/projects pageSize=1000
[debug] [2025-03-26T21:59:25.381Z] <<< [apiv2][status] POST https://www.googleapis.com/oauth2/v3/token 200
[debug] [2025-03-26T21:59:25.381Z] <<< [apiv2][body] POST https://www.googleapis.com/oauth2/v3/token [omitted]
[debug] [2025-03-26T21:59:25.391Z] [Firebase Plugin] User found:  julian.talou33@gmail.com
[info] [Firebase Plugin] (Core:Project) New user detected, fetching projects
[debug] [2025-03-26T21:59:25.391Z] Checked if tokens are valid: true, expires at: 1743029964381
[debug] [2025-03-26T21:59:25.392Z] >>> [apiv2][query] GET https://firebase.googleapis.com/v1beta1/projects pageSize=1000
[debug] [2025-03-26T21:59:25.961Z] <<< [apiv2][status] GET https://firebase.googleapis.com/v1beta1/projects 200
[debug] [2025-03-26T21:59:25.961Z] <<< [apiv2][body] GET https://firebase.googleapis.com/v1beta1/projects [omitted]
[debug] [2025-03-26T21:59:25.962Z] <<< [apiv2][status] GET https://firebase.googleapis.com/v1beta1/projects 200
[debug] [2025-03-26T21:59:25.962Z] <<< [apiv2][body] GET https://firebase.googleapis.com/v1beta1/projects [omitted]
[info] [Firebase Plugin] Stopping Data Connect toolkit
[debug] [2025-03-27T17:49:14.007Z] [Firebase Plugin] Activating Firebase extension.
[debug] [2025-03-27T17:49:16.953Z] [Firebase Plugin] VSCode notification server listening on port 40001
[info] [Firebase Plugin] Stopping Data Connect toolkit
[debug] [2025-03-27T22:00:37.649Z] [Firebase Plugin] Activating Firebase extension.
[debug] [2025-03-27T22:00:41.051Z] [Firebase Plugin] VSCode notification server listening on port 40001
[info] [Firebase Plugin] Stopping Data Connect toolkit
[debug] [2025-03-28T14:35:58.091Z] [Firebase Plugin] Activating Firebase extension.
[debug] [2025-03-28T14:36:01.592Z] [Firebase Plugin] VSCode notification server listening on port 40001
